<?xml version="1.0" ?>
<coverage version="7.6.1" timestamp="1723582416995" lines-valid="0" lines-covered="0" line-rate="1" branches-covered="0" branches-valid="0" branch-rate="0" complexity="0">
	<!-- Generated by coverage.py: https://coverage.readthedocs.io/en/7.6.1 -->
	<!-- Based on https://raw.githubusercontent.com/cobertura/web/master/htdocs/xml/coverage-04.dtd -->
	<sources>
		<source>/Users/eshal/Downloads/user-service</source>
	</sources>
	<packages>
		<package name="scripts" line-rate="1" branch-rate="0" complexity="0">
			<classes>
				<class name="integration_test.py" filename="scripts/integration_test.py" complexity="0" line-rate="1" branch-rate="0">
					<methods/>
					<lines/>
				</class>
				<class name="test_service.py" filename="scripts/test_service.py" complexity="0" line-rate="1" branch-rate="0">
					<methods/>
					<lines/>
				</class>
			</classes>
		</package>
	</packages>
</coverage>
